<?xml version="1.0" encoding="UTF-8"?>
<robot generator="Robot 6.1.1 (Python 3.11.6 on win32)" generated="20231127 14:18:30.091" rpa="true" schemaversion="4">
<suite id="s1" name="Tasks" source="C:\Users\zcheveste\Documents\Robocop_project\Robot_CompromisoAysa\tasks.robot">
<test id="s1-t1" name="Open Major desktop application and play a app" line="25">
<kw name="Creacion de Carpetas">
<kw name="Get Current Date" library="DateTime">
<var>${fecha_hoy}</var>
<doc>Returns current local or UTC time with an optional increment.</doc>
<msg timestamp="20231127 14:18:30.765" level="INFO">${fecha_hoy} = 2023-11-27 14:18:30.765</msg>
<status status="PASS" starttime="20231127 14:18:30.765" endtime="20231127 14:18:30.765"/>
</kw>
<kw name="Convert Date" library="DateTime">
<var>${año}</var>
<arg>${fecha_hoy}</arg>
<arg>%Y</arg>
<doc>Converts between supported `date formats`.</doc>
<msg timestamp="20231127 14:18:30.768" level="INFO">${año} = 2023</msg>
<status status="PASS" starttime="20231127 14:18:30.765" endtime="20231127 14:18:30.768"/>
</kw>
<kw name="Convert Date" library="DateTime">
<var>${mes}</var>
<arg>${fecha_hoy}</arg>
<arg>%m</arg>
<doc>Converts between supported `date formats`.</doc>
<msg timestamp="20231127 14:18:30.768" level="INFO">${mes} = 11</msg>
<status status="PASS" starttime="20231127 14:18:30.768" endtime="20231127 14:18:30.768"/>
</kw>
<kw name="Convert Date" library="DateTime">
<var>${día}</var>
<arg>${fecha_hoy}</arg>
<arg>%d</arg>
<doc>Converts between supported `date formats`.</doc>
<msg timestamp="20231127 14:18:30.768" level="INFO">${día} = 27</msg>
<status status="PASS" starttime="20231127 14:18:30.768" endtime="20231127 14:18:30.768"/>
</kw>
<kw name="Set Variable" library="BuiltIn">
<var>${ruta_año}</var>
<arg>${ruta_base}\\${año}</arg>
<doc>Returns the given values which can then be assigned to a variables.</doc>
<msg timestamp="20231127 14:18:30.768" level="INFO">${ruta_año} = C:\Users\zcheveste\Documents\2023</msg>
<status status="PASS" starttime="20231127 14:18:30.768" endtime="20231127 14:18:30.768"/>
</kw>
<kw name="Set Variable" library="BuiltIn">
<var>${ruta_mes}</var>
<arg>${ruta_año}\\${mes}</arg>
<doc>Returns the given values which can then be assigned to a variables.</doc>
<msg timestamp="20231127 14:18:30.769" level="INFO">${ruta_mes} = C:\Users\zcheveste\Documents\2023\11</msg>
<status status="PASS" starttime="20231127 14:18:30.768" endtime="20231127 14:18:30.769"/>
</kw>
<kw name="Set Variable" library="BuiltIn">
<var>${ruta_dia}</var>
<arg>${ruta_mes}\\${día}</arg>
<doc>Returns the given values which can then be assigned to a variables.</doc>
<msg timestamp="20231127 14:18:30.769" level="INFO">${ruta_dia} = C:\Users\zcheveste\Documents\2023\11\27</msg>
<status status="PASS" starttime="20231127 14:18:30.769" endtime="20231127 14:18:30.769"/>
</kw>
<kw name="Set Variable" library="BuiltIn">
<var>${ruta_carpeta}</var>
<arg>${ruta_dia}\\${nombre_carpeta}</arg>
<doc>Returns the given values which can then be assigned to a variables.</doc>
<msg timestamp="20231127 14:18:30.769" level="INFO">${ruta_carpeta} = C:\Users\zcheveste\Documents\2023\11\27\Compromisos_pdfAysa</msg>
<status status="PASS" starttime="20231127 14:18:30.769" endtime="20231127 14:18:30.769"/>
</kw>
<kw name="Run Keyword And Return Status" library="BuiltIn">
<var>${existe_carpeta_año}</var>
<arg>Directory Should Exist</arg>
<arg>${ruta_año}</arg>
<doc>Runs the given keyword with given arguments and returns the status as a Boolean value.</doc>
<kw name="Directory Should Exist" library="OperatingSystem">
<arg>${ruta_año}</arg>
<doc>Fails unless the given path points to an existing directory.</doc>
<msg timestamp="20231127 14:18:30.769" level="INFO" html="true">Directory '&lt;a href="file://C:\Users\zcheveste\Documents\2023"&gt;C:\Users\zcheveste\Documents\2023&lt;/a&gt;' exists.</msg>
<status status="PASS" starttime="20231127 14:18:30.769" endtime="20231127 14:18:30.769"/>
</kw>
<msg timestamp="20231127 14:18:30.769" level="INFO">${existe_carpeta_año} = True</msg>
<status status="PASS" starttime="20231127 14:18:30.769" endtime="20231127 14:18:30.769"/>
</kw>
<kw name="Run Keyword If" library="BuiltIn">
<arg>not ${existe_carpeta_año}</arg>
<arg>Create Directory</arg>
<arg>${ruta_año}</arg>
<doc>Runs the given keyword with the given arguments, if ``condition`` is true.</doc>
<status status="PASS" starttime="20231127 14:18:30.769" endtime="20231127 14:18:30.770"/>
</kw>
<kw name="Run Keyword And Return Status" library="BuiltIn">
<var>${existe_carpeta_mes}</var>
<arg>Directory Should Exist</arg>
<arg>${ruta_mes}</arg>
<doc>Runs the given keyword with given arguments and returns the status as a Boolean value.</doc>
<kw name="Directory Should Exist" library="OperatingSystem">
<arg>${ruta_mes}</arg>
<doc>Fails unless the given path points to an existing directory.</doc>
<msg timestamp="20231127 14:18:30.770" level="INFO" html="true">Directory '&lt;a href="file://C:\Users\zcheveste\Documents\2023\11"&gt;C:\Users\zcheveste\Documents\2023\11&lt;/a&gt;' exists.</msg>
<status status="PASS" starttime="20231127 14:18:30.770" endtime="20231127 14:18:30.770"/>
</kw>
<msg timestamp="20231127 14:18:30.770" level="INFO">${existe_carpeta_mes} = True</msg>
<status status="PASS" starttime="20231127 14:18:30.770" endtime="20231127 14:18:30.770"/>
</kw>
<kw name="Run Keyword If" library="BuiltIn">
<arg>not ${existe_carpeta_mes}</arg>
<arg>Create Directory</arg>
<arg>${ruta_mes}</arg>
<doc>Runs the given keyword with the given arguments, if ``condition`` is true.</doc>
<status status="PASS" starttime="20231127 14:18:30.770" endtime="20231127 14:18:30.770"/>
</kw>
<kw name="Run Keyword And Return Status" library="BuiltIn">
<var>${existe_carpeta_día}</var>
<arg>Directory Should Exist</arg>
<arg>${ruta_dia}</arg>
<doc>Runs the given keyword with given arguments and returns the status as a Boolean value.</doc>
<kw name="Directory Should Exist" library="OperatingSystem">
<arg>${ruta_dia}</arg>
<doc>Fails unless the given path points to an existing directory.</doc>
<msg timestamp="20231127 14:18:30.770" level="INFO" html="true">Directory '&lt;a href="file://C:\Users\zcheveste\Documents\2023\11\27"&gt;C:\Users\zcheveste\Documents\2023\11\27&lt;/a&gt;' exists.</msg>
<status status="PASS" starttime="20231127 14:18:30.770" endtime="20231127 14:18:30.770"/>
</kw>
<msg timestamp="20231127 14:18:30.771" level="INFO">${existe_carpeta_día} = True</msg>
<status status="PASS" starttime="20231127 14:18:30.770" endtime="20231127 14:18:30.771"/>
</kw>
<kw name="Run Keyword If" library="BuiltIn">
<arg>not ${existe_carpeta_día}</arg>
<arg>Create Directory</arg>
<arg>${ruta_dia}</arg>
<doc>Runs the given keyword with the given arguments, if ``condition`` is true.</doc>
<status status="PASS" starttime="20231127 14:18:30.771" endtime="20231127 14:18:30.771"/>
</kw>
<kw name="Run Keyword And Return Status" library="BuiltIn">
<var>${existe_carpeta_especifica}</var>
<arg>Directory Should Exist</arg>
<arg>${ruta_carpeta}</arg>
<doc>Runs the given keyword with given arguments and returns the status as a Boolean value.</doc>
<kw name="Directory Should Exist" library="OperatingSystem">
<arg>${ruta_carpeta}</arg>
<doc>Fails unless the given path points to an existing directory.</doc>
<msg timestamp="20231127 14:18:30.771" level="INFO" html="true">Directory '&lt;a href="file://C:\Users\zcheveste\Documents\2023\11\27\Compromisos_pdfAysa"&gt;C:\Users\zcheveste\Documents\2023\11\27\Compromisos_pdfAysa&lt;/a&gt;' exists.</msg>
<status status="PASS" starttime="20231127 14:18:30.771" endtime="20231127 14:18:30.771"/>
</kw>
<msg timestamp="20231127 14:18:30.771" level="INFO">${existe_carpeta_especifica} = True</msg>
<status status="PASS" starttime="20231127 14:18:30.771" endtime="20231127 14:18:30.771"/>
</kw>
<kw name="Run Keyword If" library="BuiltIn">
<arg>not ${existe_carpeta_especifica}</arg>
<arg>Create Directory</arg>
<arg>${ruta_carpeta}</arg>
<doc>Runs the given keyword with the given arguments, if ``condition`` is true.</doc>
<status status="PASS" starttime="20231127 14:18:30.771" endtime="20231127 14:18:30.772"/>
</kw>
<status status="PASS" starttime="20231127 14:18:30.765" endtime="20231127 14:18:30.772"/>
</kw>
<kw name="Ir a incio de usuario">
<kw name="Click" library="RPA.Windows">
<arg>name:Transacciones</arg>
<arg>timeout=60</arg>
<tag>action</tag>
<tag>mouse</tag>
<doc>Mouse click on element matching given locator.</doc>
<msg timestamp="20231127 14:18:30.773" level="INFO">Locator timeout set to: 60.000000</msg>
<msg timestamp="20231127 14:18:30.774" level="INFO">Getting element with locator: name:Transacciones</msg>
<msg timestamp="20231127 14:18:30.885" level="INFO">Resulted root element: WindowsElement(item=&lt;uiautomation.uiautomation.PaneControl object at 0x0000021E5163E550&gt;, locator=None, name='Escritorio 1', automation_id='', control_type='PaneControl', class_name='#32769', left=0, right=1366, top=0, bottom=768, width=1366, height=768, xcenter=683, ycenter=384)</msg>
<msg timestamp="20231127 14:18:30.885" level="INFO">Locator 'name:Transacciones' produced matcher: MatchObject(locators=[('Name', 'Transacciones', 0)], _classes=set(), max_level=0)</msg>
<msg timestamp="20231127 14:18:31.492" level="INFO">Returning element: WindowsElement(item=&lt;uiautomation.uiautomation.MenuItemControl object at 0x0000021E5071DD90&gt;, locator='name:Transacciones', name='Transacciones', automation_id='', control_type='MenuItemControl', class_name='', left=-31846, right=-31759, top=-31974, bottom=-31955, width=87, height=19, xcenter=-31803, ycenter=-31965)</msg>
<status status="PASS" starttime="20231127 14:18:30.773" endtime="20231127 14:18:32.060"/>
</kw>
<kw name="Click" library="RPA.Windows">
<arg>name:Compromiso</arg>
<arg>timeout=30</arg>
<tag>action</tag>
<tag>mouse</tag>
<doc>Mouse click on element matching given locator.</doc>
<msg timestamp="20231127 14:18:32.061" level="INFO">Locator timeout set to: 30.000000</msg>
<msg timestamp="20231127 14:18:32.061" level="INFO">Getting element with locator: name:Compromiso</msg>
<msg timestamp="20231127 14:18:32.063" level="INFO">Resulted root element: WindowsElement(item=&lt;uiautomation.uiautomation.PaneControl object at 0x0000021E5166A790&gt;, locator=None, name='Escritorio 1', automation_id='', control_type='PaneControl', class_name='#32769', left=0, right=1366, top=0, bottom=768, width=1366, height=768, xcenter=683, ycenter=384)</msg>
<msg timestamp="20231127 14:18:32.063" level="INFO">Locator 'name:Compromiso' produced matcher: MatchObject(locators=[('Name', 'Compromiso', 0)], _classes=set(), max_level=0)</msg>
<status status="FAIL" starttime="20231127 14:18:32.061" endtime="20231127 14:18:34.219"/>
</kw>
<kw name="Click" library="RPA.Windows">
<arg>id:89</arg>
<arg>timeout=30</arg>
<tag>action</tag>
<tag>mouse</tag>
<doc>Mouse click on element matching given locator.</doc>
<status status="NOT RUN" starttime="20231127 14:18:34.220" endtime="20231127 14:18:34.220"/>
</kw>
<kw name="Sleep" library="BuiltIn">
<arg>5s</arg>
<doc>Pauses the test executed for the given time.</doc>
<status status="NOT RUN" starttime="20231127 14:18:34.220" endtime="20231127 14:18:34.220"/>
</kw>
<status status="FAIL" starttime="20231127 14:18:30.773" endtime="20231127 14:18:34.220"/>
</kw>
<kw name="Carga de datos">
<status status="NOT RUN" starttime="20231127 14:18:34.220" endtime="20231127 14:18:34.220"/>
</kw>
<status status="FAIL" starttime="20231127 14:18:30.765" endtime="20231127 14:18:34.221">Execution terminated by signal</status>
</test>
<status status="FAIL" starttime="20231127 14:18:30.093" endtime="20231127 14:18:34.222"/>
</suite>
<statistics>
<total>
<stat pass="0" fail="1" skip="0">All Tasks</stat>
</total>
<tag>
</tag>
<suite>
<stat pass="0" fail="1" skip="0" id="s1" name="Tasks">Tasks</stat>
</suite>
</statistics>
<errors>
</errors>
</robot>
